<?xml version="1.0" encoding="UTF-8"?>
<!-- Generated by org.testng.reporters.JUnitReportReporter -->
<testsuite name="com.atul.java.FirstSeleniumTest" tests="2" time="5.646" ignored="0" failures="0" timestamp="04 Feb 2017 21:29:38 GMT" skipped="0" hostname="DESKTOP-3BNPBF8" errors="0">
  <testcase name="fc_1" time="5.468" classname="com.atul.java.FirstSeleniumTest"/>
  <testcase name="fc_2" time="0.178" classname="com.atul.java.FirstSeleniumTest"/>
</testsuite> <!-- com.atul.java.FirstSeleniumTest -->
