<?xml version="1.0" encoding="UTF-8"?>
<!-- Generated by org.testng.reporters.JUnitReportReporter -->
<testsuite name="com.atul.java.SecondMavenSeleniumTest" tests="2" time="9.782" ignored="0" failures="0" timestamp="04 Feb 2017 23:11:52 GMT" skipped="0" hostname="DESKTOP-3BNPBF8" errors="0">
  <testcase name="fc_3" time="6.024" classname="com.atul.java.SecondMavenSeleniumTest"/>
  <testcase name="fc_3" time="3.758" classname="com.atul.java.SecondMavenSeleniumTest"/>
</testsuite> <!-- com.atul.java.SecondMavenSeleniumTest -->
